17:30:55.616 [main] INFO  utils.Log - ++++++++++++++++++++++++++++++++++++
17:30:55.679 [main] INFO  utils.Log -  Started test case :login
17:30:55.683 [main] INFO  utils.Log - Start time :2023.09.11.17.55
17:30:55.683 [main] INFO  utils.Log - ++++++++++++++++++++++++++++++++++++
17:30:55.699 [main] INFO  utils.Log - Called method<click> on  
17:30:58.195 [main] INFO  utils.Log - called method <sendKeys> on element <input type="text" class="woocommerce-Input woocommerce-Input--text input-text" name="username" id="username" autocomplete="username" value="">
17:30:58.196 [main] INFO  utils.Log - Called method <waitForElementToBeVisible> on locator :
17:30:58.849 [main] INFO  utils.Log - called method <sendKeys> on element <input class="woocommerce-Input woocommerce-Input--text input-text" type="password" name="password" id="password" autocomplete="current-password">
17:30:58.850 [main] INFO  utils.Log - Called method <waitForElementToBeVisible> on locator :
17:30:59.058 [main] INFO  utils.Log - Called method<click> on  
17:31:06.748 [main] ERROR utils.Log - ++++++++++++++++++++++++++++++++++++
17:31:06.748 [main] ERROR utils.Log -  Failed test case :login
17:31:06.751 [main] ERROR utils.Log - Fail time :2023.09.11.17.06
17:31:06.754 [main] ERROR utils.Log - org.openqa.selenium.InvalidSelectorException: invalid selector: The result of the xpath expression "//*[@id="main"]/div/div/div/div/div/div[1]/div/text()" is: [object Text]. It should be an element.
  (Session info: chrome=116.0.5845.180)
For documentation on this error, please visit: https://www.selenium.dev/documentation/webdriver/troubleshooting/errors#invalid-selector-exception
Build info: version: '4.11.0', revision: '040bc5406b'
System info: os.name: 'Windows 10', os.arch: 'amd64', os.version: '10.0', java.version: '16.0.1'
Driver info: org.openqa.selenium.chrome.ChromeDriver
Command: [59b7acb5eb88f29bc00b28038a60afae, findElement {using=xpath, value=//*[@id="main"]/div/div/div/div/div/div[1]/div/text()}]
Capabilities {acceptInsecureCerts: false, browserName: chrome, browserVersion: 116.0.5845.180, chrome: {chromedriverVersion: 116.0.5845.96 (1a3918166880..., userDataDir: C:\Users\PROBOO~1\AppData\L...}, fedcm:accounts: true, goog:chromeOptions: {debuggerAddress: localhost:62962}, networkConnectionEnabled: false, pageLoadStrategy: normal, platformName: windows, proxy: Proxy(), se:cdp: ws://localhost:62962/devtoo..., se:cdpVersion: 116.0.5845.180, setWindowRect: true, strictFileInteractability: false, timeouts: {implicit: 0, pageLoad: 300000, script: 30000}, unhandledPromptBehavior: dismiss and notify, webauthn:extension:credBlob: true, webauthn:extension:largeBlob: true, webauthn:extension:minPinLength: true, webauthn:extension:prf: true, webauthn:virtualAuthenticators: true}
Session ID: 59b7acb5eb88f29bc00b28038a60afae
17:31:06.755 [main] ERROR utils.Log - ++++++++++++++++++++++++++++++++++++
