00:02:59.205 [main] INFO  utils.Log - ++++++++++++++++++++++++++++++++++++
00:02:59.250 [main] INFO  utils.Log -  Started test case :login
00:02:59.257 [main] INFO  utils.Log - Start time :2023.09.13.00.59
00:02:59.258 [main] INFO  utils.Log - ++++++++++++++++++++++++++++++++++++
00:02:59.278 [main] INFO  utils.Log - Called method<click> on  
00:03:01.342 [main] INFO  utils.Log - called method <sendKeys> on element <input type="text" class="woocommerce-Input woocommerce-Input--text input-text" name="username" id="username" autocomplete="username" value="">
00:03:01.343 [main] INFO  utils.Log - Called method <waitForElementToBeVisible> on locator :
00:03:01.591 [main] INFO  utils.Log - called method <sendKeys> on element <input class="woocommerce-Input woocommerce-Input--text input-text" type="password" name="password" id="password" autocomplete="current-password">
00:03:01.591 [main] INFO  utils.Log - Called method <waitForElementToBeVisible> on locator :
00:03:01.821 [main] INFO  utils.Log - Called method<click> on  
00:03:15.023 [main] ERROR utils.Log - ++++++++++++++++++++++++++++++++++++
00:03:15.023 [main] ERROR utils.Log -  Failed test case :login
00:03:15.024 [main] ERROR utils.Log - Fail time :2023.09.13.00.15
00:03:15.027 [main] ERROR utils.Log - org.openqa.selenium.ElementNotInteractableException: element not interactable
  (Session info: chrome=116.0.5845.187)
Build info: version: '4.11.0', revision: '040bc5406b'
System info: os.name: 'Windows 10', os.arch: 'amd64', os.version: '10.0', java.version: '16.0.1'
Driver info: org.openqa.selenium.chrome.ChromeDriver
Command: [53a44ac9795cbea58c10be315fe74042, clickElement {id=6D5456FE4DB0C972120050F7EE3E1FAE_element_232}]
Capabilities {acceptInsecureCerts: false, browserName: chrome, browserVersion: 116.0.5845.187, chrome: {chromedriverVersion: 116.0.5845.96 (1a3918166880..., userDataDir: C:\Users\PROBOO~1\AppData\L...}, fedcm:accounts: true, goog:chromeOptions: {debuggerAddress: localhost:57697}, networkConnectionEnabled: false, pageLoadStrategy: normal, platformName: windows, proxy: Proxy(), se:cdp: ws://localhost:57697/devtoo..., se:cdpVersion: 116.0.5845.187, setWindowRect: true, strictFileInteractability: false, timeouts: {implicit: 0, pageLoad: 300000, script: 30000}, unhandledPromptBehavior: dismiss and notify, webauthn:extension:credBlob: true, webauthn:extension:largeBlob: true, webauthn:extension:minPinLength: true, webauthn:extension:prf: true, webauthn:virtualAuthenticators: true}
Element: [[ChromeDriver: chrome on windows (53a44ac9795cbea58c10be315fe74042)] -> xpath: //a[contains(text(),'Fresh Produce Melons Each')]]
Session ID: 53a44ac9795cbea58c10be315fe74042
00:03:15.028 [main] ERROR utils.Log - ++++++++++++++++++++++++++++++++++++
