00:51:57.955 [main] INFO  utils.Log - ++++++++++++++++++++++++++++++++++++
00:51:57.996 [main] INFO  utils.Log -  Started test case :login
00:51:58.005 [main] INFO  utils.Log - Start time :2023.09.13.00.57
00:51:58.006 [main] INFO  utils.Log - ++++++++++++++++++++++++++++++++++++
00:51:58.029 [main] INFO  utils.Log - Called method<click> on  
00:52:00.143 [main] INFO  utils.Log - called method <sendKeys> on element <input type="text" class="woocommerce-Input woocommerce-Input--text input-text" name="username" id="username" autocomplete="username" value="">
00:52:00.144 [main] INFO  utils.Log - Called method <waitForElementToBeVisible> on locator :
00:52:00.382 [main] INFO  utils.Log - called method <sendKeys> on element <input class="woocommerce-Input woocommerce-Input--text input-text" type="password" name="password" id="password" autocomplete="current-password">
00:52:00.383 [main] INFO  utils.Log - Called method <waitForElementToBeVisible> on locator :
00:52:00.593 [main] INFO  utils.Log - Called method<click> on  
00:52:20.800 [main] ERROR utils.Log - ++++++++++++++++++++++++++++++++++++
00:52:20.801 [main] ERROR utils.Log -  Failed test case :login
00:52:20.802 [main] ERROR utils.Log - Fail time :2023.09.13.00.20
00:52:20.805 [main] ERROR utils.Log - org.openqa.selenium.InvalidSelectorException: invalid selector: The result of the xpath expression "//div[contains(a/following-sibling::text(), 'have been added to your cart')]/text()" is: [object Text]. It should be an element.
  (Session info: chrome=116.0.5845.187)
For documentation on this error, please visit: https://www.selenium.dev/documentation/webdriver/troubleshooting/errors#invalid-selector-exception
Build info: version: '4.11.0', revision: '040bc5406b'
System info: os.name: 'Windows 10', os.arch: 'amd64', os.version: '10.0', java.version: '16.0.1'
Driver info: org.openqa.selenium.chrome.ChromeDriver
Command: [698e3bfe0687db48078af5ad33fb6b94, findElement {using=xpath, value=//div[contains(a/following-sibling::text(), 'have been added to your cart')]/text()}]
Capabilities {acceptInsecureCerts: false, browserName: chrome, browserVersion: 116.0.5845.187, chrome: {chromedriverVersion: 116.0.5845.96 (1a3918166880..., userDataDir: C:\Users\PROBOO~1\AppData\L...}, fedcm:accounts: true, goog:chromeOptions: {debuggerAddress: localhost:60972}, networkConnectionEnabled: false, pageLoadStrategy: normal, platformName: windows, proxy: Proxy(), se:cdp: ws://localhost:60972/devtoo..., se:cdpVersion: 116.0.5845.187, setWindowRect: true, strictFileInteractability: false, timeouts: {implicit: 0, pageLoad: 300000, script: 30000}, unhandledPromptBehavior: dismiss and notify, webauthn:extension:credBlob: true, webauthn:extension:largeBlob: true, webauthn:extension:minPinLength: true, webauthn:extension:prf: true, webauthn:virtualAuthenticators: true}
Session ID: 698e3bfe0687db48078af5ad33fb6b94
00:52:20.806 [main] ERROR utils.Log - ++++++++++++++++++++++++++++++++++++
