22:23:38.632 [main] INFO  utils.Log - ++++++++++++++++++++++++++++++++++++
22:23:38.664 [main] INFO  utils.Log -  Started test case :login
22:23:38.667 [main] INFO  utils.Log - Start time :2023.09.11.22.38
22:23:38.667 [main] INFO  utils.Log - ++++++++++++++++++++++++++++++++++++
22:23:38.681 [main] INFO  utils.Log - Called method<click> on  
22:23:40.160 [main] INFO  utils.Log - called method <sendKeys> on element <input type="text" class="woocommerce-Input woocommerce-Input--text input-text" name="username" id="username" autocomplete="username" value="">
22:23:40.161 [main] INFO  utils.Log - Called method <waitForElementToBeVisible> on locator :
22:23:40.397 [main] INFO  utils.Log - called method <sendKeys> on element <input class="woocommerce-Input woocommerce-Input--text input-text" type="password" name="password" id="password" autocomplete="current-password">
22:23:40.398 [main] INFO  utils.Log - Called method <waitForElementToBeVisible> on locator :
22:23:40.655 [main] INFO  utils.Log - Called method<click> on  
22:23:46.941 [main] ERROR utils.Log - ++++++++++++++++++++++++++++++++++++
22:23:46.946 [main] ERROR utils.Log -  Failed test case :login
22:23:46.947 [main] ERROR utils.Log - Fail time :2023.09.11.22.46
22:23:46.950 [main] ERROR utils.Log - org.openqa.selenium.InvalidSelectorException: invalid selector: The result of the xpath expression "//div[@class='cart-price']/span[@class='woocommerce-Price-amount amount']/bdi/text()" is: [object Text]. It should be an element.
  (Session info: chrome=116.0.5845.180)
For documentation on this error, please visit: https://www.selenium.dev/documentation/webdriver/troubleshooting/errors#invalid-selector-exception
Build info: version: '4.11.0', revision: '040bc5406b'
System info: os.name: 'Windows 10', os.arch: 'amd64', os.version: '10.0', java.version: '16.0.1'
Driver info: org.openqa.selenium.chrome.ChromeDriver
Command: [90e2644c25383d134933af8e9950d2d1, findElement {using=xpath, value=//div[@class='cart-price']/span[@class='woocommerce-Price-amount amount']/bdi/text()}]
Capabilities {acceptInsecureCerts: false, browserName: chrome, browserVersion: 116.0.5845.180, chrome: {chromedriverVersion: 116.0.5845.96 (1a3918166880..., userDataDir: C:\Users\PROBOO~1\AppData\L...}, fedcm:accounts: true, goog:chromeOptions: {debuggerAddress: localhost:63338}, networkConnectionEnabled: false, pageLoadStrategy: normal, platformName: windows, proxy: Proxy(), se:cdp: ws://localhost:63338/devtoo..., se:cdpVersion: 116.0.5845.180, setWindowRect: true, strictFileInteractability: false, timeouts: {implicit: 0, pageLoad: 300000, script: 30000}, unhandledPromptBehavior: dismiss and notify, webauthn:extension:credBlob: true, webauthn:extension:largeBlob: true, webauthn:extension:minPinLength: true, webauthn:extension:prf: true, webauthn:virtualAuthenticators: true}
Session ID: 90e2644c25383d134933af8e9950d2d1
22:23:46.951 [main] ERROR utils.Log - ++++++++++++++++++++++++++++++++++++
