23:48:39.801 [main] INFO  utils.Log - ++++++++++++++++++++++++++++++++++++
23:48:39.844 [main] INFO  utils.Log -  Started test case :login
23:48:39.849 [main] INFO  utils.Log - Start time :2023.09.12.23.39
23:48:39.850 [main] INFO  utils.Log - ++++++++++++++++++++++++++++++++++++
23:48:39.868 [main] INFO  utils.Log - Called method<click> on  
23:48:41.864 [main] INFO  utils.Log - called method <sendKeys> on element <input type="text" class="woocommerce-Input woocommerce-Input--text input-text" name="username" id="username" autocomplete="username" value="">
23:48:41.864 [main] INFO  utils.Log - Called method <waitForElementToBeVisible> on locator :
23:48:42.129 [main] INFO  utils.Log - called method <sendKeys> on element <input class="woocommerce-Input woocommerce-Input--text input-text" type="password" name="password" id="password" autocomplete="current-password">
23:48:42.129 [main] INFO  utils.Log - Called method <waitForElementToBeVisible> on locator :
23:48:42.463 [main] INFO  utils.Log - Called method<click> on  
23:48:56.090 [main] ERROR utils.Log - ++++++++++++++++++++++++++++++++++++
23:48:56.091 [main] ERROR utils.Log -  Failed test case :login
23:48:56.092 [main] ERROR utils.Log - Fail time :2023.09.12.23.56
23:48:56.095 [main] ERROR utils.Log - org.openqa.selenium.ElementNotInteractableException: element not interactable
  (Session info: chrome=116.0.5845.187)
Build info: version: '4.11.0', revision: '040bc5406b'
System info: os.name: 'Windows 10', os.arch: 'amd64', os.version: '10.0', java.version: '16.0.1'
Driver info: org.openqa.selenium.chrome.ChromeDriver
Command: [286c7cf03b5c525322207c3f66bdf0f3, clickElement {id=0A7C2318880181ED30FF48D9F7C75D06_element_154}]
Capabilities {acceptInsecureCerts: false, browserName: chrome, browserVersion: 116.0.5845.187, chrome: {chromedriverVersion: 116.0.5845.96 (1a3918166880..., userDataDir: C:\Users\PROBOO~1\AppData\L...}, fedcm:accounts: true, goog:chromeOptions: {debuggerAddress: localhost:57228}, networkConnectionEnabled: false, pageLoadStrategy: normal, platformName: windows, proxy: Proxy(), se:cdp: ws://localhost:57228/devtoo..., se:cdpVersion: 116.0.5845.187, setWindowRect: true, strictFileInteractability: false, timeouts: {implicit: 0, pageLoad: 300000, script: 30000}, unhandledPromptBehavior: dismiss and notify, webauthn:extension:credBlob: true, webauthn:extension:largeBlob: true, webauthn:extension:minPinLength: true, webauthn:extension:prf: true, webauthn:virtualAuthenticators: true}
Element: [[ChromeDriver: chrome on windows (286c7cf03b5c525322207c3f66bdf0f3)] -> xpath: //a[contains(text(),'Fresh Produce Melons Each')]]
Session ID: 286c7cf03b5c525322207c3f66bdf0f3
23:48:56.096 [main] ERROR utils.Log - ++++++++++++++++++++++++++++++++++++
