22:28:36.611 [main] INFO  utils.Log - ++++++++++++++++++++++++++++++++++++
22:28:36.650 [main] INFO  utils.Log -  Started test case :login
22:28:36.654 [main] INFO  utils.Log - Start time :2023.09.11.22.36
22:28:36.655 [main] INFO  utils.Log - ++++++++++++++++++++++++++++++++++++
22:28:36.672 [main] INFO  utils.Log - Called method<click> on  
22:28:38.187 [main] INFO  utils.Log - called method <sendKeys> on element <input type="text" class="woocommerce-Input woocommerce-Input--text input-text" name="username" id="username" autocomplete="username" value="">
22:28:38.187 [main] INFO  utils.Log - Called method <waitForElementToBeVisible> on locator :
22:28:38.424 [main] INFO  utils.Log - called method <sendKeys> on element <input class="woocommerce-Input woocommerce-Input--text input-text" type="password" name="password" id="password" autocomplete="current-password">
22:28:38.424 [main] INFO  utils.Log - Called method <waitForElementToBeVisible> on locator :
22:28:38.633 [main] INFO  utils.Log - Called method<click> on  
22:28:57.721 [main] ERROR utils.Log - ++++++++++++++++++++++++++++++++++++
22:28:57.722 [main] ERROR utils.Log -  Failed test case :login
22:28:57.723 [main] ERROR utils.Log - Fail time :2023.09.11.22.57
22:28:57.727 [main] ERROR utils.Log - org.openqa.selenium.NoSuchElementException: no such element: Unable to locate element: {"method":"xpath","selector":"//button[contains(text(), 'Update cart' )]"}
  (Session info: chrome=116.0.5845.180)
For documentation on this error, please visit: https://www.selenium.dev/documentation/webdriver/troubleshooting/errors#no-such-element-exception
Build info: version: '4.11.0', revision: '040bc5406b'
System info: os.name: 'Windows 10', os.arch: 'amd64', os.version: '10.0', java.version: '16.0.1'
Driver info: org.openqa.selenium.chrome.ChromeDriver
Command: [479ff98c5718d9129c99fb2fdb10540c, findElement {using=xpath, value=//button[contains(text(), 'Update cart' )]}]
Capabilities {acceptInsecureCerts: false, browserName: chrome, browserVersion: 116.0.5845.180, chrome: {chromedriverVersion: 116.0.5845.96 (1a3918166880..., userDataDir: C:\Users\PROBOO~1\AppData\L...}, fedcm:accounts: true, goog:chromeOptions: {debuggerAddress: localhost:63534}, networkConnectionEnabled: false, pageLoadStrategy: normal, platformName: windows, proxy: Proxy(), se:cdp: ws://localhost:63534/devtoo..., se:cdpVersion: 116.0.5845.180, setWindowRect: true, strictFileInteractability: false, timeouts: {implicit: 0, pageLoad: 300000, script: 30000}, unhandledPromptBehavior: dismiss and notify, webauthn:extension:credBlob: true, webauthn:extension:largeBlob: true, webauthn:extension:minPinLength: true, webauthn:extension:prf: true, webauthn:virtualAuthenticators: true}
Session ID: 479ff98c5718d9129c99fb2fdb10540c
22:28:57.728 [main] ERROR utils.Log - ++++++++++++++++++++++++++++++++++++
