11:10:56.073 [main] INFO  utils.Log - ++++++++++++++++++++++++++++++++++++
11:10:56.116 [main] INFO  utils.Log -  Started test case :login
11:10:56.120 [main] INFO  utils.Log - Start time :2023.09.11.11.56
11:10:56.120 [main] INFO  utils.Log - ++++++++++++++++++++++++++++++++++++
11:10:56.134 [main] INFO  utils.Log - Called method<click> on  
11:10:57.806 [main] INFO  utils.Log - called method <sendKeys> on element <input type="text" class="woocommerce-Input woocommerce-Input--text input-text" name="username" id="username" autocomplete="username" value="">
11:10:57.807 [main] INFO  utils.Log - Called method <waitForElementToBeVisible> on locator :
11:10:58.074 [main] INFO  utils.Log - called method <sendKeys> on element <input class="woocommerce-Input woocommerce-Input--text input-text" type="password" name="password" id="password" autocomplete="current-password">
11:10:58.075 [main] INFO  utils.Log - Called method <waitForElementToBeVisible> on locator :
11:10:58.321 [main] INFO  utils.Log - Called method<click> on  
11:10:59.679 [main] INFO  utils.Log - Called method<click> on  
11:11:09.717 [main] ERROR utils.Log - ++++++++++++++++++++++++++++++++++++
11:11:09.718 [main] ERROR utils.Log -  Failed test case :login
11:11:09.718 [main] ERROR utils.Log - Fail time :2023.09.11.11.09
11:11:09.722 [main] ERROR utils.Log - org.openqa.selenium.TimeoutException: Expected condition failed: waiting for element to be clickable: [[ChromeDriver: chrome on windows (a111fed72127532587c7b57e745a9a64)] -> css selector: img[class='mobile-logo hide-desktop']] (tried for 10 second(s) with 500 milliseconds interval)
Build info: version: '4.11.0', revision: '040bc5406b'
System info: os.name: 'Windows 10', os.arch: 'amd64', os.version: '10.0', java.version: '16.0.1'
Driver info: org.openqa.selenium.chrome.ChromeDriver
Capabilities {acceptInsecureCerts: false, browserName: chrome, browserVersion: 116.0.5845.180, chrome: {chromedriverVersion: 116.0.5845.96 (1a3918166880..., userDataDir: C:\Users\PROBOO~1\AppData\L...}, fedcm:accounts: true, goog:chromeOptions: {debuggerAddress: localhost:55298}, networkConnectionEnabled: false, pageLoadStrategy: normal, platformName: windows, proxy: Proxy(), se:cdp: ws://localhost:55298/devtoo..., se:cdpVersion: 116.0.5845.180, setWindowRect: true, strictFileInteractability: false, timeouts: {implicit: 0, pageLoad: 300000, script: 30000}, unhandledPromptBehavior: dismiss and notify, webauthn:extension:credBlob: true, webauthn:extension:largeBlob: true, webauthn:extension:minPinLength: true, webauthn:extension:prf: true, webauthn:virtualAuthenticators: true}
Session ID: a111fed72127532587c7b57e745a9a64
11:11:09.722 [main] ERROR utils.Log - ++++++++++++++++++++++++++++++++++++
