22:13:30.119 [main] INFO  utils.Log - ++++++++++++++++++++++++++++++++++++
22:13:30.168 [main] INFO  utils.Log -  Started test case :login
22:13:30.174 [main] INFO  utils.Log - Start time :2023.09.12.22.30
22:13:30.175 [main] INFO  utils.Log - ++++++++++++++++++++++++++++++++++++
22:13:30.184 [main] INFO  utils.Log - Called method<click> on  
22:13:32.160 [main] INFO  utils.Log - called method <sendKeys> on element <input type="text" class="woocommerce-Input woocommerce-Input--text input-text" name="username" id="username" autocomplete="username" value="">
22:13:32.161 [main] INFO  utils.Log - Called method <waitForElementToBeVisible> on locator :
22:13:32.398 [main] INFO  utils.Log - called method <sendKeys> on element <input class="woocommerce-Input woocommerce-Input--text input-text" type="password" name="password" id="password" autocomplete="current-password">
22:13:32.399 [main] INFO  utils.Log - Called method <waitForElementToBeVisible> on locator :
22:13:32.611 [main] INFO  utils.Log - Called method<click> on  
22:13:41.133 [main] ERROR utils.Log - ++++++++++++++++++++++++++++++++++++
22:13:41.134 [main] ERROR utils.Log -  Failed test case :login
22:13:41.134 [main] ERROR utils.Log - Fail time :2023.09.12.22.41
22:13:41.141 [main] ERROR utils.Log - org.openqa.selenium.InvalidSelectorException: invalid selector: Unable to locate an element with the xpath expression //a[contains(text(),'Zevia Kidz Strawberry Lemonade Zero Calorie Soda'] because of the following error:
SyntaxError: Failed to execute 'evaluate' on 'Document': The string '//a[contains(text(),'Zevia Kidz Strawberry Lemonade Zero Calorie Soda']' is not a valid XPath expression.
  (Session info: chrome=116.0.5845.187)
For documentation on this error, please visit: https://www.selenium.dev/documentation/webdriver/troubleshooting/errors#invalid-selector-exception
Build info: version: '4.11.0', revision: '040bc5406b'
System info: os.name: 'Windows 10', os.arch: 'amd64', os.version: '10.0', java.version: '16.0.1'
Driver info: org.openqa.selenium.chrome.ChromeDriver
Command: [4f6b2af0816d740a4aaed7daf084d87c, findElement {using=xpath, value=//a[contains(text(),'Zevia Kidz Strawberry Lemonade Zero Calorie Soda']}]
Capabilities {acceptInsecureCerts: false, browserName: chrome, browserVersion: 116.0.5845.187, chrome: {chromedriverVersion: 116.0.5845.96 (1a3918166880..., userDataDir: C:\Users\PROBOO~1\AppData\L...}, fedcm:accounts: true, goog:chromeOptions: {debuggerAddress: localhost:52246}, networkConnectionEnabled: false, pageLoadStrategy: normal, platformName: windows, proxy: Proxy(), se:cdp: ws://localhost:52246/devtoo..., se:cdpVersion: 116.0.5845.187, setWindowRect: true, strictFileInteractability: false, timeouts: {implicit: 0, pageLoad: 300000, script: 30000}, unhandledPromptBehavior: dismiss and notify, webauthn:extension:credBlob: true, webauthn:extension:largeBlob: true, webauthn:extension:minPinLength: true, webauthn:extension:prf: true, webauthn:virtualAuthenticators: true}
Session ID: 4f6b2af0816d740a4aaed7daf084d87c
22:13:41.142 [main] ERROR utils.Log - ++++++++++++++++++++++++++++++++++++
