22:25:31.423 [main] INFO  utils.Log - ++++++++++++++++++++++++++++++++++++
22:25:31.460 [main] INFO  utils.Log -  Started test case :login
22:25:31.463 [main] INFO  utils.Log - Start time :2023.09.11.22.31
22:25:31.464 [main] INFO  utils.Log - ++++++++++++++++++++++++++++++++++++
22:25:31.476 [main] INFO  utils.Log - Called method<click> on  
22:25:32.872 [main] INFO  utils.Log - called method <sendKeys> on element <input type="text" class="woocommerce-Input woocommerce-Input--text input-text" name="username" id="username" autocomplete="username" value="">
22:25:32.873 [main] INFO  utils.Log - Called method <waitForElementToBeVisible> on locator :
22:25:33.119 [main] INFO  utils.Log - called method <sendKeys> on element <input class="woocommerce-Input woocommerce-Input--text input-text" type="password" name="password" id="password" autocomplete="current-password">
22:25:33.120 [main] INFO  utils.Log - Called method <waitForElementToBeVisible> on locator :
22:25:33.368 [main] INFO  utils.Log - Called method<click> on  
22:25:49.527 [main] ERROR utils.Log - ++++++++++++++++++++++++++++++++++++
22:25:49.527 [main] ERROR utils.Log -  Failed test case :login
22:25:49.528 [main] ERROR utils.Log - Fail time :2023.09.11.22.49
22:25:49.531 [main] ERROR utils.Log - org.openqa.selenium.NoSuchElementException: no such element: Unable to locate element: {"method":"xpath","selector":"//button[contains(text(), 'Update cart' )]"}
  (Session info: chrome=116.0.5845.180)
For documentation on this error, please visit: https://www.selenium.dev/documentation/webdriver/troubleshooting/errors#no-such-element-exception
Build info: version: '4.11.0', revision: '040bc5406b'
System info: os.name: 'Windows 10', os.arch: 'amd64', os.version: '10.0', java.version: '16.0.1'
Driver info: org.openqa.selenium.chrome.ChromeDriver
Command: [f76cdc8c4cbb17114a2bc54c2f2a1295, findElement {using=xpath, value=//button[contains(text(), 'Update cart' )]}]
Capabilities {acceptInsecureCerts: false, browserName: chrome, browserVersion: 116.0.5845.180, chrome: {chromedriverVersion: 116.0.5845.96 (1a3918166880..., userDataDir: C:\Users\PROBOO~1\AppData\L...}, fedcm:accounts: true, goog:chromeOptions: {debuggerAddress: localhost:63418}, networkConnectionEnabled: false, pageLoadStrategy: normal, platformName: windows, proxy: Proxy(), se:cdp: ws://localhost:63418/devtoo..., se:cdpVersion: 116.0.5845.180, setWindowRect: true, strictFileInteractability: false, timeouts: {implicit: 0, pageLoad: 300000, script: 30000}, unhandledPromptBehavior: dismiss and notify, webauthn:extension:credBlob: true, webauthn:extension:largeBlob: true, webauthn:extension:minPinLength: true, webauthn:extension:prf: true, webauthn:virtualAuthenticators: true}
Session ID: f76cdc8c4cbb17114a2bc54c2f2a1295
22:25:49.532 [main] ERROR utils.Log - ++++++++++++++++++++++++++++++++++++
