00:12:01.409 [main] INFO  utils.Log - ++++++++++++++++++++++++++++++++++++
00:12:01.451 [main] INFO  utils.Log -  Started test case :login
00:12:01.456 [main] INFO  utils.Log - Start time :2023.09.13.00.01
00:12:01.457 [main] INFO  utils.Log - ++++++++++++++++++++++++++++++++++++
00:12:01.473 [main] INFO  utils.Log - Called method<click> on  
00:12:03.569 [main] INFO  utils.Log - called method <sendKeys> on element <input type="text" class="woocommerce-Input woocommerce-Input--text input-text" name="username" id="username" autocomplete="username" value="">
00:12:03.569 [main] INFO  utils.Log - Called method <waitForElementToBeVisible> on locator :
00:12:03.899 [main] INFO  utils.Log - called method <sendKeys> on element <input class="woocommerce-Input woocommerce-Input--text input-text" type="password" name="password" id="password" autocomplete="current-password">
00:12:03.900 [main] INFO  utils.Log - Called method <waitForElementToBeVisible> on locator :
00:12:04.189 [main] INFO  utils.Log - Called method<click> on  
00:12:17.145 [main] ERROR utils.Log - ++++++++++++++++++++++++++++++++++++
00:12:17.146 [main] ERROR utils.Log -  Failed test case :login
00:12:17.147 [main] ERROR utils.Log - Fail time :2023.09.13.00.17
00:12:17.151 [main] ERROR utils.Log - org.openqa.selenium.ElementNotInteractableException: element not interactable
  (Session info: chrome=116.0.5845.187)
Build info: version: '4.11.0', revision: '040bc5406b'
System info: os.name: 'Windows 10', os.arch: 'amd64', os.version: '10.0', java.version: '16.0.1'
Driver info: org.openqa.selenium.chrome.ChromeDriver
Command: [9b7a2777cce6bf61ed695c9c72494ebe, clickElement {id=49AC491EEBB2232C9EBA8FB780D7398C_element_241}]
Capabilities {acceptInsecureCerts: false, browserName: chrome, browserVersion: 116.0.5845.187, chrome: {chromedriverVersion: 116.0.5845.96 (1a3918166880..., userDataDir: C:\Users\PROBOO~1\AppData\L...}, fedcm:accounts: true, goog:chromeOptions: {debuggerAddress: localhost:58316}, networkConnectionEnabled: false, pageLoadStrategy: normal, platformName: windows, proxy: Proxy(), se:cdp: ws://localhost:58316/devtoo..., se:cdpVersion: 116.0.5845.187, setWindowRect: true, strictFileInteractability: false, timeouts: {implicit: 0, pageLoad: 300000, script: 30000}, unhandledPromptBehavior: dismiss and notify, webauthn:extension:credBlob: true, webauthn:extension:largeBlob: true, webauthn:extension:minPinLength: true, webauthn:extension:prf: true, webauthn:virtualAuthenticators: true}
Element: [[ChromeDriver: chrome on windows (9b7a2777cce6bf61ed695c9c72494ebe)] -> xpath: //a[contains(text(),'Vital Farms Pasture-Raised Egg Bites Bacon & Cheddar')]]
Session ID: 9b7a2777cce6bf61ed695c9c72494ebe
00:12:17.153 [main] ERROR utils.Log - ++++++++++++++++++++++++++++++++++++
