22:11:53.895 [main] INFO  utils.Log - ++++++++++++++++++++++++++++++++++++
22:11:53.930 [main] INFO  utils.Log -  Started test case :login
22:11:53.933 [main] INFO  utils.Log - Start time :2023.09.12.22.53
22:11:53.933 [main] INFO  utils.Log - ++++++++++++++++++++++++++++++++++++
22:11:53.944 [main] INFO  utils.Log - Called method<click> on  
22:11:55.440 [main] INFO  utils.Log - called method <sendKeys> on element <input type="text" class="woocommerce-Input woocommerce-Input--text input-text" name="username" id="username" autocomplete="username" value="">
22:11:55.440 [main] INFO  utils.Log - Called method <waitForElementToBeVisible> on locator :
22:11:56.086 [main] INFO  utils.Log - called method <sendKeys> on element <input class="woocommerce-Input woocommerce-Input--text input-text" type="password" name="password" id="password" autocomplete="current-password">
22:11:56.086 [main] INFO  utils.Log - Called method <waitForElementToBeVisible> on locator :
22:11:56.327 [main] INFO  utils.Log - Called method<click> on  
22:12:02.396 [main] ERROR utils.Log - ++++++++++++++++++++++++++++++++++++
22:12:02.396 [main] ERROR utils.Log -  Failed test case :login
22:12:02.397 [main] ERROR utils.Log - Fail time :2023.09.12.22.02
22:12:02.401 [main] ERROR utils.Log - org.openqa.selenium.InvalidSelectorException: invalid selector: Unable to locate an element with the xpath expression //a[contains(text(),'Vital Farms Pasture-Raised Egg Bites Bacon & Cheddar'] because of the following error:
SyntaxError: Failed to execute 'evaluate' on 'Document': The string '//a[contains(text(),'Vital Farms Pasture-Raised Egg Bites Bacon & Cheddar']' is not a valid XPath expression.
  (Session info: chrome=116.0.5845.187)
For documentation on this error, please visit: https://www.selenium.dev/documentation/webdriver/troubleshooting/errors#invalid-selector-exception
Build info: version: '4.11.0', revision: '040bc5406b'
System info: os.name: 'Windows 10', os.arch: 'amd64', os.version: '10.0', java.version: '16.0.1'
Driver info: org.openqa.selenium.chrome.ChromeDriver
Command: [9aabe17b4381b7762101fc117d61159f, findElement {using=xpath, value=//a[contains(text(),'Vital Farms Pasture-Raised Egg Bites Bacon & Cheddar']}]
Capabilities {acceptInsecureCerts: false, browserName: chrome, browserVersion: 116.0.5845.187, chrome: {chromedriverVersion: 116.0.5845.96 (1a3918166880..., userDataDir: C:\Users\PROBOO~1\AppData\L...}, fedcm:accounts: true, goog:chromeOptions: {debuggerAddress: localhost:52166}, networkConnectionEnabled: false, pageLoadStrategy: normal, platformName: windows, proxy: Proxy(), se:cdp: ws://localhost:52166/devtoo..., se:cdpVersion: 116.0.5845.187, setWindowRect: true, strictFileInteractability: false, timeouts: {implicit: 0, pageLoad: 300000, script: 30000}, unhandledPromptBehavior: dismiss and notify, webauthn:extension:credBlob: true, webauthn:extension:largeBlob: true, webauthn:extension:minPinLength: true, webauthn:extension:prf: true, webauthn:virtualAuthenticators: true}
Session ID: 9aabe17b4381b7762101fc117d61159f
22:12:02.401 [main] ERROR utils.Log - ++++++++++++++++++++++++++++++++++++
