18:45:00.306 [main] INFO  utils.Log - ++++++++++++++++++++++++++++++++++++
18:45:00.342 [main] INFO  utils.Log -  Started test case :login
18:45:00.347 [main] INFO  utils.Log - Start time :2023.09.11.18.00
18:45:00.348 [main] INFO  utils.Log - ++++++++++++++++++++++++++++++++++++
18:45:00.412 [main] INFO  utils.Log - Called method<click> on  
18:45:02.755 [main] INFO  utils.Log - called method <sendKeys> on element <input type="text" class="woocommerce-Input woocommerce-Input--text input-text" name="username" id="username" autocomplete="username" value="">
18:45:02.756 [main] INFO  utils.Log - Called method <waitForElementToBeVisible> on locator :
18:45:03.003 [main] INFO  utils.Log - called method <sendKeys> on element <input class="woocommerce-Input woocommerce-Input--text input-text" type="password" name="password" id="password" autocomplete="current-password">
18:45:03.003 [main] INFO  utils.Log - Called method <waitForElementToBeVisible> on locator :
18:45:03.213 [main] INFO  utils.Log - Called method<click> on  
18:45:19.656 [main] ERROR utils.Log - ++++++++++++++++++++++++++++++++++++
18:45:19.656 [main] ERROR utils.Log -  Failed test case :login
18:45:19.657 [main] ERROR utils.Log - Fail time :2023.09.11.18.19
18:45:19.660 [main] ERROR utils.Log - org.openqa.selenium.NoSuchElementException: no such element: Unable to locate element: {"method":"xpath","selector":"//tbody/tr[4]/td[4]/div/div[2]/i"}
  (Session info: chrome=116.0.5845.180)
For documentation on this error, please visit: https://www.selenium.dev/documentation/webdriver/troubleshooting/errors#no-such-element-exception
Build info: version: '4.11.0', revision: '040bc5406b'
System info: os.name: 'Windows 10', os.arch: 'amd64', os.version: '10.0', java.version: '16.0.1'
Driver info: org.openqa.selenium.chrome.ChromeDriver
Command: [01a2b48db6d7e08889f9e3cb8d2fe624, findElement {using=xpath, value=//tbody/tr[4]/td[4]/div/div[2]/i}]
Capabilities {acceptInsecureCerts: false, browserName: chrome, browserVersion: 116.0.5845.180, chrome: {chromedriverVersion: 116.0.5845.96 (1a3918166880..., userDataDir: C:\Users\PROBOO~1\AppData\L...}, fedcm:accounts: true, goog:chromeOptions: {debuggerAddress: localhost:65143}, networkConnectionEnabled: false, pageLoadStrategy: normal, platformName: windows, proxy: Proxy(), se:cdp: ws://localhost:65143/devtoo..., se:cdpVersion: 116.0.5845.180, setWindowRect: true, strictFileInteractability: false, timeouts: {implicit: 0, pageLoad: 300000, script: 30000}, unhandledPromptBehavior: dismiss and notify, webauthn:extension:credBlob: true, webauthn:extension:largeBlob: true, webauthn:extension:minPinLength: true, webauthn:extension:prf: true, webauthn:virtualAuthenticators: true}
Session ID: 01a2b48db6d7e08889f9e3cb8d2fe624
18:45:19.661 [main] ERROR utils.Log - ++++++++++++++++++++++++++++++++++++
