00:07:31.019 [main] INFO  utils.Log - ++++++++++++++++++++++++++++++++++++
00:07:31.063 [main] INFO  utils.Log -  Started test case :login
00:07:31.071 [main] INFO  utils.Log - Start time :2023.09.13.00.31
00:07:31.071 [main] INFO  utils.Log - ++++++++++++++++++++++++++++++++++++
00:07:31.079 [main] INFO  utils.Log - Called method<click> on  
00:07:32.839 [main] INFO  utils.Log - called method <sendKeys> on element <input type="text" class="woocommerce-Input woocommerce-Input--text input-text" name="username" id="username" autocomplete="username" value="">
00:07:32.840 [main] INFO  utils.Log - Called method <waitForElementToBeVisible> on locator :
00:07:33.288 [main] INFO  utils.Log - called method <sendKeys> on element <input class="woocommerce-Input woocommerce-Input--text input-text" type="password" name="password" id="password" autocomplete="current-password">
00:07:33.288 [main] INFO  utils.Log - Called method <waitForElementToBeVisible> on locator :
00:07:33.500 [main] INFO  utils.Log - Called method<click> on  
00:07:46.277 [main] ERROR utils.Log - ++++++++++++++++++++++++++++++++++++
00:07:46.277 [main] ERROR utils.Log -  Failed test case :login
00:07:46.278 [main] ERROR utils.Log - Fail time :2023.09.13.00.46
00:07:46.282 [main] ERROR utils.Log - org.openqa.selenium.ElementNotInteractableException: element not interactable
  (Session info: chrome=116.0.5845.187)
Build info: version: '4.11.0', revision: '040bc5406b'
System info: os.name: 'Windows 10', os.arch: 'amd64', os.version: '10.0', java.version: '16.0.1'
Driver info: org.openqa.selenium.chrome.ChromeDriver
Command: [de9f8b6e559aea7ae896a6e68d8c00eb, clickElement {id=E5FFAD76308BAC07A8020FD51995208A_element_238}]
Capabilities {acceptInsecureCerts: false, browserName: chrome, browserVersion: 116.0.5845.187, chrome: {chromedriverVersion: 116.0.5845.96 (1a3918166880..., userDataDir: C:\Users\PROBOO~1\AppData\L...}, fedcm:accounts: true, goog:chromeOptions: {debuggerAddress: localhost:57965}, networkConnectionEnabled: false, pageLoadStrategy: normal, platformName: windows, proxy: Proxy(), se:cdp: ws://localhost:57965/devtoo..., se:cdpVersion: 116.0.5845.187, setWindowRect: true, strictFileInteractability: false, timeouts: {implicit: 0, pageLoad: 300000, script: 30000}, unhandledPromptBehavior: dismiss and notify, webauthn:extension:credBlob: true, webauthn:extension:largeBlob: true, webauthn:extension:minPinLength: true, webauthn:extension:prf: true, webauthn:virtualAuthenticators: true}
Element: [[ChromeDriver: chrome on windows (de9f8b6e559aea7ae896a6e68d8c00eb)] -> xpath: //a[contains(text(),'Fresh Produce Melons Each')]]
Session ID: de9f8b6e559aea7ae896a6e68d8c00eb
00:07:46.283 [main] ERROR utils.Log - ++++++++++++++++++++++++++++++++++++
