00:46:17.884 [main] INFO  utils.Log - ++++++++++++++++++++++++++++++++++++
00:46:17.920 [main] INFO  utils.Log -  Started test case :login
00:46:17.923 [main] INFO  utils.Log - Start time :2023.09.13.00.17
00:46:17.924 [main] INFO  utils.Log - ++++++++++++++++++++++++++++++++++++
00:46:17.937 [main] INFO  utils.Log - Called method<click> on  
00:46:19.683 [main] INFO  utils.Log - called method <sendKeys> on element <input type="text" class="woocommerce-Input woocommerce-Input--text input-text" name="username" id="username" autocomplete="username" value="">
00:46:19.684 [main] INFO  utils.Log - Called method <waitForElementToBeVisible> on locator :
00:46:20.007 [main] INFO  utils.Log - called method <sendKeys> on element <input class="woocommerce-Input woocommerce-Input--text input-text" type="password" name="password" id="password" autocomplete="current-password">
00:46:20.008 [main] INFO  utils.Log - Called method <waitForElementToBeVisible> on locator :
00:46:20.275 [main] INFO  utils.Log - Called method<click> on  
00:46:43.643 [main] ERROR utils.Log - ++++++++++++++++++++++++++++++++++++
00:46:43.643 [main] ERROR utils.Log -  Failed test case :login
00:46:43.644 [main] ERROR utils.Log - Fail time :2023.09.13.00.43
00:46:43.647 [main] ERROR utils.Log - org.openqa.selenium.NoSuchElementException: no such element: Unable to locate element: {"method":"xpath","selector":"//img[@alt='Fresh Produce Melons Each']"}
  (Session info: chrome=116.0.5845.187)
For documentation on this error, please visit: https://www.selenium.dev/documentation/webdriver/troubleshooting/errors#no-such-element-exception
Build info: version: '4.11.0', revision: '040bc5406b'
System info: os.name: 'Windows 10', os.arch: 'amd64', os.version: '10.0', java.version: '16.0.1'
Driver info: org.openqa.selenium.chrome.ChromeDriver
Command: [fb45c262025434f04b38c3409506e8ef, findElement {using=xpath, value=//img[@alt='Fresh Produce Melons Each']}]
Capabilities {acceptInsecureCerts: false, browserName: chrome, browserVersion: 116.0.5845.187, chrome: {chromedriverVersion: 116.0.5845.96 (1a3918166880..., userDataDir: C:\Users\PROBOO~1\AppData\L...}, fedcm:accounts: true, goog:chromeOptions: {debuggerAddress: localhost:60592}, networkConnectionEnabled: false, pageLoadStrategy: normal, platformName: windows, proxy: Proxy(), se:cdp: ws://localhost:60592/devtoo..., se:cdpVersion: 116.0.5845.187, setWindowRect: true, strictFileInteractability: false, timeouts: {implicit: 0, pageLoad: 300000, script: 30000}, unhandledPromptBehavior: dismiss and notify, webauthn:extension:credBlob: true, webauthn:extension:largeBlob: true, webauthn:extension:minPinLength: true, webauthn:extension:prf: true, webauthn:virtualAuthenticators: true}
Session ID: fb45c262025434f04b38c3409506e8ef
00:46:43.648 [main] ERROR utils.Log - ++++++++++++++++++++++++++++++++++++
