19:42:22.638 [main] INFO  utils.Log - ++++++++++++++++++++++++++++++++++++
19:42:22.683 [main] INFO  utils.Log -  Started test case :login
19:42:22.687 [main] INFO  utils.Log - Start time :2023.09.12.19.22
19:42:22.687 [main] INFO  utils.Log - ++++++++++++++++++++++++++++++++++++
19:42:22.704 [main] INFO  utils.Log - Called method<click> on  
19:42:24.342 [main] INFO  utils.Log - called method <sendKeys> on element <input type="text" class="woocommerce-Input woocommerce-Input--text input-text" name="username" id="username" autocomplete="username" value="">
19:42:24.343 [main] INFO  utils.Log - Called method <waitForElementToBeVisible> on locator :
19:42:24.903 [main] INFO  utils.Log - called method <sendKeys> on element <input class="woocommerce-Input woocommerce-Input--text input-text" type="password" name="password" id="password" autocomplete="current-password">
19:42:24.903 [main] INFO  utils.Log - Called method <waitForElementToBeVisible> on locator :
19:42:25.161 [main] INFO  utils.Log - Called method<click> on  
19:42:29.335 [main] ERROR utils.Log - ++++++++++++++++++++++++++++++++++++
19:42:29.335 [main] ERROR utils.Log -  Failed test case :login
19:42:29.342 [main] ERROR utils.Log - Fail time :2023.09.12.19.29
19:42:29.346 [main] ERROR utils.Log - org.openqa.selenium.InvalidSelectorException: invalid selector: Unable to locate an element with the xpath expression //div[@class='product-actions']/div/div[@class ='tinv-wishlist-clear']/following::a/span'] because of the following error:
SyntaxError: Failed to execute 'evaluate' on 'Document': The string '//div[@class='product-actions']/div/div[@class ='tinv-wishlist-clear']/following::a/span']' is not a valid XPath expression.
  (Session info: chrome=116.0.5845.187)
For documentation on this error, please visit: https://www.selenium.dev/documentation/webdriver/troubleshooting/errors#invalid-selector-exception
Build info: version: '4.11.0', revision: '040bc5406b'
System info: os.name: 'Windows 10', os.arch: 'amd64', os.version: '10.0', java.version: '16.0.1'
Driver info: org.openqa.selenium.chrome.ChromeDriver
Command: [b63fb1e43191a0ef22109ee2228ff1c3, findElement {using=xpath, value=//div[@class='product-actions']/div/div[@class ='tinv-wishlist-clear']/following::a/span']}]
Capabilities {acceptInsecureCerts: false, browserName: chrome, browserVersion: 116.0.5845.187, chrome: {chromedriverVersion: 116.0.5845.96 (1a3918166880..., userDataDir: C:\Users\PROBOO~1\AppData\L...}, fedcm:accounts: true, goog:chromeOptions: {debuggerAddress: localhost:64143}, networkConnectionEnabled: false, pageLoadStrategy: normal, platformName: windows, proxy: Proxy(), se:cdp: ws://localhost:64143/devtoo..., se:cdpVersion: 116.0.5845.187, setWindowRect: true, strictFileInteractability: false, timeouts: {implicit: 0, pageLoad: 300000, script: 30000}, unhandledPromptBehavior: dismiss and notify, webauthn:extension:credBlob: true, webauthn:extension:largeBlob: true, webauthn:extension:minPinLength: true, webauthn:extension:prf: true, webauthn:virtualAuthenticators: true}
Session ID: b63fb1e43191a0ef22109ee2228ff1c3
19:42:29.348 [main] ERROR utils.Log - ++++++++++++++++++++++++++++++++++++
