10:20:08.553 [main] INFO  utils.Log - ++++++++++++++++++++++++++++++++++++
10:20:08.601 [main] INFO  utils.Log -  Started test case :login
10:20:08.603 [main] INFO  utils.Log - Start time :2023.09.11.10.08
10:20:08.604 [main] INFO  utils.Log - ++++++++++++++++++++++++++++++++++++
10:20:08.620 [main] INFO  utils.Log - Called method<click> on  
10:20:10.685 [main] INFO  utils.Log - called method <sendKeys> on element <input type="text" class="woocommerce-Input woocommerce-Input--text input-text" name="username" id="username" autocomplete="username" value="">
10:20:10.686 [main] INFO  utils.Log - Called method <waitForElementToBeVisible> on locator :
10:20:11.090 [main] INFO  utils.Log - called method <sendKeys> on element <input class="woocommerce-Input woocommerce-Input--text input-text" type="password" name="password" id="password" autocomplete="current-password">
10:20:11.091 [main] INFO  utils.Log - Called method <waitForElementToBeVisible> on locator :
10:20:11.616 [main] INFO  utils.Log - Called method<click> on  
10:20:13.146 [main] INFO  utils.Log - Called method<click> on  
10:20:14.703 [main] INFO  utils.Log - ++++++++++++++++++++++++++++++++++++
10:20:14.706 [main] INFO  utils.Log -  Passed test case :login
10:20:14.707 [main] INFO  utils.Log - End time :2023.09.11.10.14
10:20:14.707 [main] INFO  utils.Log - ++++++++++++++++++++++++++++++++++++
10:20:32.395 [main] INFO  utils.Log - ++++++++++++++++++++++++++++++++++++
10:20:32.398 [main] INFO  utils.Log -  Started test case :loginInvalid
10:20:32.398 [main] INFO  utils.Log - Start time :2023.09.11.10.32
10:20:32.399 [main] INFO  utils.Log - ++++++++++++++++++++++++++++++++++++
10:20:32.402 [main] INFO  utils.Log - Called method<click> on  
10:20:34.008 [main] INFO  utils.Log - called method <sendKeys> on element <input type="text" class="woocommerce-Input woocommerce-Input--text input-text" name="username" id="username" autocomplete="username" value="">
10:20:34.009 [main] INFO  utils.Log - Called method <waitForElementToBeVisible> on locator :
10:20:34.270 [main] INFO  utils.Log - called method <sendKeys> on element <input class="woocommerce-Input woocommerce-Input--text input-text" type="password" name="password" id="password" autocomplete="current-password">
10:20:34.270 [main] INFO  utils.Log - Called method <waitForElementToBeVisible> on locator :
10:20:34.449 [main] INFO  utils.Log - Called method<click> on  
10:20:40.952 [main] ERROR utils.Log - ++++++++++++++++++++++++++++++++++++
10:20:40.954 [main] ERROR utils.Log -  Failed test case :loginInvalid
10:20:40.956 [main] ERROR utils.Log - Fail time :2023.09.11.10.40
10:20:40.960 [main] ERROR utils.Log - org.openqa.selenium.NoSuchElementException: Unable to find element with locator By.cssSelector: div[class='woocommerce-MyAccount-content']
For documentation on this error, please visit: https://www.selenium.dev/documentation/webdriver/troubleshooting/errors#no-such-element-exception
Build info: version: '4.11.0', revision: '040bc5406b'
System info: os.name: 'Windows 10', os.arch: 'amd64', os.version: '10.0', java.version: '16.0.1'
Driver info: driver.version: RemoteWebDriver
10:20:40.961 [main] ERROR utils.Log - ++++++++++++++++++++++++++++++++++++
